2025-08-13 17:39:21,880 [INFO] Step-1: Folder created: uploads/3dad984e-7076-4464-9345-ec0c6a5c8ffd
2025-08-13 17:39:21,884 [INFO] Step-2: File sent {'question.txt': 'uploads/3dad984e-7076-4464-9345-ec0c6a5c8ffd/question.txt'}
2025-08-13 17:39:21,884 [INFO] Step-3: Getting scrap code and metadata from llm. Tries count = 0
2025-08-13 17:39:52,233 [INFO] Step-3: Response from scrapping: and Peak along with a dotted red regression line through it.'], 'comment': 'Step-3: Getting scrap code and metadata from llm. Tries count = %d 0'}
2025-08-13 17:39:56,155 [INFO] Step-4: Execution result of the scrape code: File "/home/charmika/TDS_project2/venv/lib/python3.12/site-packages/pandas/core/indexes/base.py", line 6212, in _get_indexer_strict self._raise_if_missing(keyarr, indexer, axis_name) File "/home/charmika/TDS_project2/venv/lib/python3.12/site-packages/pandas/core/indexes/base.py", line 6264, in _raise_if_missing raise KeyError(f"{not_found} not in index") KeyError: "['Film'] not in index"
2025-08-13 17:39:56,155 [ERROR] Step-4: Error occured while scrapping. Tries count = 0
2025-08-13 17:40:06,044 [INFO] Step-3: Response from scrapping: line through it. Return as a base-64 encoded data URI, "data:image/png;base64,iVBORw0..." under 100,000 bytes.'], 'comment': 'Step-4: Error occured while scrapping. Tries count = %d, 0'}
2025-08-13 17:44:41,752 [INFO] Step-4: Execution result of the scrape code: run_python_code execute_code() File "/home/charmika/TDS_project2/task_engine.py", line 26, in execute_code exec(code, exec_globals) File "<string>", line 30, in <module> ValueError: Could not find the main highest-grossing films table.
2025-08-13 17:44:41,753 [ERROR] Step-4: Error occured while scrapping. Tries count = 1
2025-08-13 17:44:51,800 [INFO] Step-3: Response from scrapping: line through it. Return as a base-64 encoded data URI, "data:image/png;base64,iVBORw0..." under 100,000 bytes.'], 'comment': 'Step-4: Error occured while scrapping. Tries count = %d, 1'}
2025-08-13 17:40:20,593 [INFO] Step-4: Execution result of the scrape code: ✅ Code executed successfully after installing libraries.
2025-08-13 17:40:20,593 [INFO] Step-5: Getting execution code from llm. Tries count = 0
2025-08-13 17:41:04,979 [INFO] Step-5: Response from llm: [image_uri] } # Save the result to a JSON file output_path = 'uploads/3dad984e-7076-4464-9345-ec0c6a5c8ffd/result.json' with open(output_path, 'w') as f: json.dump(result, f, indent=2) print(f"Results saved to {output_path}")
2025-08-13 17:41:04,979 [INFO] Step-6: Executing final code. Tries count = 0
2025-08-13 17:41:08,639 [INFO] Step-6: Executing final code result: ^^^^^^^^^^^^^^^^^^^^^^ File "/home/charmika/TDS_project2/venv/lib/python3.12/site-packages/pandas/core/internals/construction.py", line 677, in _extract_index raise ValueError("All arrays must be of the same length") ValueError: All arrays must be of the same length
2025-08-13 17:41:08,639 [ERROR] Step-6: Error occured while executing code. Tries count = 2
2025-08-13 17:41:08,639 [INFO] Step-5: Getting execution code from llm. Tries count = 1
2025-08-13 17:41:49,382 [INFO] Step-5: Response from llm: not exist os.makedirs(output_dir, exist_ok=True) # Save the answer to the specified JSON file with open(output_path, 'w') as f: json.dump(final_answer, f, indent=2) print(f"Results saved to {output_path}")
2025-08-13 17:41:55,144 [INFO] Step-6: Executing final code result: ✅ Code executed successfully after installing libraries.
2025-08-13 17:41:55,145 [INFO] Step-7: send result back
