2025-08-13 17:28:19,390 [INFO] Step-1: Folder created: uploads/77264220-8c9c-4492-bbf0-3a2437246b25
2025-08-13 17:28:19,394 [INFO] Step-2: File sent {'question.txt': 'uploads/77264220-8c9c-4492-bbf0-3a2437246b25/question.txt'}
2025-08-13 17:28:19,394 [INFO] Step-3: Getting scrap code and metadata from llm. Tries count = 0
2025-08-13 17:28:47,749 [INFO] Step-3: Response from scrapping: and Peak along with a dotted red regression line through it.'], 'comment': 'Step-3: Getting scrap code and metadata from llm. Tries count = %d 0'}
2025-08-13 17:28:51,481 [INFO] Step-4: Execution result of the scrape code: astype_array values = _astype_nansafe(values, dtype, copy=copy) ^^^^^^^^^^^^^^^^^^^^^^^^^^^^^^^^^^^^^^^^^ File "/home/charmika/TDS_project2/venv/lib/python3.12/site-packages/pandas/core/dtypes/astype.py", line 133, in _astype_nansafe return arr.astype(dtype, copy=True) ^^^^^^^^^^^^^^^^^^^^^^^^^^^^ ValueError: could not convert string to float: 'T2257844554'
2025-08-13 17:28:51,481 [ERROR] Step-4: Error occured while scrapping. Tries count = 0
2025-08-13 17:29:35,894 [INFO] Step-3: Response from scrapping: line through it. Return as a base-64 encoded data URI, "data:image/png;base64,iVBORw0K..." under 100,000 bytes.'], 'comment': 'Step-4: Error occured while scrapping. Tries count = %d, 0'}
2025-08-13 17:29:38,475 [INFO] Step-4: Execution result of the scrape code: 48, in run_python_code execute_code() File "/home/charmika/TDS_project2/task_engine.py", line 26, in execute_code exec(code, exec_globals) File "<string>", line 30, in <module> AttributeError: 'int' object has no attribute 'strip'
2025-08-13 17:29:38,475 [ERROR] Step-4: Error occured while scrapping. Tries count = 1
2025-08-13 17:30:05,963 [INFO] Step-3: Response from scrapping: line through it. Return as a base-64 encoded data URI, "data:image/png;base64,iVBORw0KG..." under 100,000 bytes.'], 'comment': 'Step-4: Error occured while scrapping. Tries count = %d, 1'}
2025-08-13 17:30:08,139 [INFO] Step-4: Execution result of the scrape code: 26, in execute_code exec(code, exec_globals) File "<string>", line 29, in <module> ValueError: Could not find the expected table on the Wikipedia page with required columns.
2025-08-13 17:30:08,140 [ERROR] Step-4: Error occured while scrapping. Tries count = 2
2025-08-13 17:30:17,521 [INFO] Step-3: Response from scrapping: line through it. Return as a base-64 encoded data URI, "data:image/png;base64,iVBORw0..." under 100,000 bytes.'], 'comment': 'Step-4: Error occured while scrapping. Tries count = %d, 2'}
2025-08-13 17:30:20,007 [INFO] Step-4: Execution result of the scrape code: 26, in execute_code exec(code, exec_globals) File "<string>", line 27, in <module> ValueError: Could not find the expected table on the Wikipedia page with required columns.
2025-08-13 17:30:20,007 [ERROR] error occured while scrapping.
