2025-08-13 17:50:17,767 [INFO] Step-1: Folder created: uploads/fcc5cf76-8ab9-4a03-b4ca-db17f720dcf1
2025-08-13 17:50:17,770 [INFO] Step-2: File sent {'question.txt': 'uploads/fcc5cf76-8ab9-4a03-b4ca-db17f720dcf1/question.txt'}
2025-08-13 17:50:17,770 [INFO] Step-3: Getting scrap code and metadata from llm. Tries count = 0
2025-08-13 17:50:38,022 [ERROR] Step-3: Error in parsing the result. dotted red regression line through it. Return as a base-64 encoded data URI, `"data:image/png;base64,iVBORw0KG..."` under 100,000 bytes. Invalid \escape: line 2 column 1424 (char 1425)
2025-08-13 17:50:38,023 [INFO] Step-3: Getting scrap code and metadata from llm. Tries count = 1
2025-08-13 17:50:48,614 [ERROR] Step-3: Error in parsing the result. as a base-64 encoded data URI, `"data:image/png;base64,iVBORw0KG..."` under 100,000 bytes. Invalid \escape: line 2 column 1424 (char 1425)Invalid \escape: line 2 column 1618 (char 1619)
2025-08-13 17:50:48,615 [INFO] Step-3: Getting scrap code and metadata from llm. Tries count = 2
2025-08-13 17:51:31,016 [INFO] Step-3: Response from scrapping: and Peak along with a dotted red regression line through it.'], 'comment': 'Step-3: Getting scrap code and metadata from llm. Tries count = %d 2'}
2025-08-13 17:51:35,148 [INFO] Step-4: Execution result of the scrape code: 48, in run_python_code execute_code() File "/home/charmika/TDS_project2/task_engine.py", line 26, in execute_code exec(code, exec_globals) File "<string>", line 27, in <module> AttributeError: 'int' object has no attribute 'lower'
2025-08-13 17:51:35,149 [ERROR] Step-4: Error occured while scrapping. Tries count = 0
2025-08-13 17:52:00,457 [INFO] Step-3: Response from scrapping: line through it. Return as a base-64 encoded data URI, "data:image/png;base64,iVBORw0B..." under 100,000 bytes.'], 'comment': 'Step-4: Error occured while scrapping. Tries count = %d, 0'}
2025-08-13 17:52:05,966 [INFO] Step-4: Execution result of the scrape code: 58, in <module> File "/home/charmika/TDS_project2/venv/lib/python3.12/site-packages/pandas/core/frame.py", line 4107, in __getitem__ indexer = self.columns.get_loc(key) ^^^^^^^^^^^^^^^^^^^^^^^^^ File "/home/charmika/TDS_project2/venv/lib/python3.12/site-packages/pandas/core/indexes/base.py", line 3819, in get_loc raise KeyError(key) from err KeyError: 'worldwide_gross'
2025-08-13 17:52:05,966 [ERROR] Step-4: Error occured while scrapping. Tries count = 1
2025-08-13 17:52:46,663 [INFO] Step-3: Response from scrapping: film that grossed over $1.5 bn?', "What's the correlation between the Rank and Peak?"], 'comment': 'Step-4: Error occured while scrapping. Tries count = %d, 1'}
2025-08-13 17:52:50,520 [INFO] Step-4: Execution result of the scrape code: _parse_sub itemsappend(_parse(source, state, verbose, nested + 1, ^^^^^^^^^^^^^^^^^^^^^^^^^^^^^^^^^^^^^^^^^^ File "/usr/lib/python3.12/re/_parser.py", line 568, in _parse raise source.error("unterminated character set", re.error: unterminated character set at position 2
2025-08-13 17:52:50,520 [ERROR] Step-4: Error occured while scrapping. Tries count = 2
2025-08-13 17:53:12,734 [INFO] Step-3: Response from scrapping: line through it. Return as a base-64 encoded data URI, "data:image/png;base64,iVBORw0..." under 100,000 bytes.'], 'comment': 'Step-4: Error occured while scrapping. Tries count = %d, 2'}
2025-08-13 17:53:17,831 [INFO] Step-4: Execution result of the scrape code: ✅ Code executed successfully after installing libraries.
2025-08-13 17:53:17,832 [INFO] Step-5: Getting execution code from llm. Tries count = 0
2025-08-13 17:53:35,509 [INFO] Step-5: Response from llm: "images": [ data_uri ] } # Save the result to the specified JSON file output_path = 'uploads/fcc5cf76-8ab9-4a03-b4ca-db17f720dcf1/result.json' with open(output_path, 'w') as f: json.dump(result_json, f, indent=4)
2025-08-13 17:53:35,509 [INFO] Step-6: Executing final code. Tries count = 0
2025-08-13 17:53:41,935 [INFO] Step-6: Executing final code result: ✅ Code executed successfully after installing libraries.
2025-08-13 17:53:41,935 [INFO] Step-7: send result back
